<?xml version="1.0" encoding="UTF-8"?>
<testsuite name="com.dynops.bcwms.feature.InquiryWorkflowTest" tests="3" skipped="0" failures="0" errors="0" timestamp="2026-09-06T00:44:33.922Z" hostname="192.168.1.8" time="0.003">
  <properties/>
  <testcase name="queried LP summary keeps multiple lots" classname="com.dynops.bcwms.feature.InquiryWorkflowTest" time="0.003"/>
  <testcase name="queried LP summary combines quantity and distinct lots" classname="com.dynops.bcwms.feature.InquiryWorkflowTest" time="0.0"/>
  <testcase name="queried LP summary is absent for an item query" classname="com.dynops.bcwms.feature.InquiryWorkflowTest" time="0.0"/>
  <system-out><![CDATA[]]></system-out>
  <system-err><![CDATA[]]></system-err>
</testsuite>
