<?xml version="1.0" encoding="UTF-8"?>
<testsuite name="com.dynops.bcwms.ui.NumericInputTest" tests="2" skipped="0" failures="0" errors="0" timestamp="2026-09-06T00:23:45.475Z" hostname="192.168.1.8" time="0.0">
  <properties/>
  <testcase name="non finite and overflowing quantities cannot reach JSON write requests" classname="com.dynops.bcwms.ui.NumericInputTest" time="0.0"/>
  <testcase name="finite values retain existing zero and sign semantics for caller validation" classname="com.dynops.bcwms.ui.NumericInputTest" time="0.0"/>
  <system-out><![CDATA[]]></system-out>
  <system-err><![CDATA[]]></system-err>
</testsuite>
