<?xml version="1.0" encoding="UTF-8"?>
<testsuite name="com.dynops.bcwms.ui.CommonValueTest" tests="2" skipped="0" failures="0" errors="0" timestamp="2026-09-06T00:29:46.540Z" hostname="192.168.1.8" time="0.0">
  <properties/>
  <testcase name="rawValueKeepsMissingApiFieldsEmpty" classname="com.dynops.bcwms.ui.CommonValueTest" time="0.0"/>
  <testcase name="rawValueUsesFirstRealFallbackWithoutInventingPlaceholder" classname="com.dynops.bcwms.ui.CommonValueTest" time="0.0"/>
  <system-out><![CDATA[]]></system-out>
  <system-err><![CDATA[]]></system-err>
</testsuite>
