<?xml version="1.0" encoding="UTF-8"?>
<testsuite name="com.dynops.bcwms.feature.HierarchicalLpWorkflowTest" tests="3" skipped="0" failures="0" errors="0" timestamp="2026-09-06T00:29:46.025Z" hostname="192.168.1.8" time="0.011">
  <properties/>
  <testcase name="matching action names in properties or an error response are not capabilities" classname="com.dynops.bcwms.feature.HierarchicalLpWorkflowTest" time="0.006"/>
  <testcase name="common or partially upgraded BC package cannot enable unsupported hierarchy writes" classname="com.dynops.bcwms.feature.HierarchicalLpWorkflowTest" time="0.002"/>
  <testcase name="complete customer extension enables hierarchy operations" classname="com.dynops.bcwms.feature.HierarchicalLpWorkflowTest" time="0.002"/>
  <system-out><![CDATA[]]></system-out>
  <system-err><![CDATA[]]></system-err>
</testsuite>
